Using pre-set license
Built from '2020.3/staging' branch; Version is '2020.3.18f1 (a7d1c678663c) revision 10998214'; Using compiler version '192528614'; Build Type 'Release'
OS: 'Windows 10 Home Single Language; OS build 19043.1348; Version 2009; 64bit' Language: 'en' Physical Memory: 8037 MB
BatchMode: 1, IsHumanControllingUs: 0, StartBugReporterOnCrash: 0, Is64bit: 1, IsPro: 0

COMMAND LINE ARGUMENTS:
C:\Program Files\Unity\Editor\Unity.exe
-adb2
-batchMode
-noUpm
-name
AssetImportWorker0
-projectPath
D:/Unity Proj/pixel/pixelGame
-logFile
Logs/AssetImportWorker0.log
-srvPort
56710
Successfully changed project path to: D:/Unity Proj/pixel/pixelGame
D:/Unity Proj/pixel/pixelGame
Using Asset Import Pipeline V2.
Refreshing native plugins compatible for Editor in 64.26 ms, found 3 plugins.
Preloading 0 native plugins for Editor in 0.00 ms.
Initialize engine version: 2020.3.18f1 (a7d1c678663c)
[Subsystems] Discovering subsystems at path C:/Program Files/Unity/Editor/Data/Resources/UnitySubsystems
[Subsystems] Discovering subsystems at path D:/Unity Proj/pixel/pixelGame/Assets
GfxDevice: creating device client; threaded=0
Direct3D:
    Version:  Direct3D 11.0 [level 11.1]
    Renderer: NVIDIA GeForce GTX 1650 with Max-Q Design (ID=0x1f91)
    Vendor:   
    VRAM:     3962 MB
    Driver:   26.21.14.4219
Initialize mono
Mono path[0] = 'C:/Program Files/Unity/Editor/Data/Managed'
Mono path[1] = 'C:/Program Files/Unity/Editor/Data/MonoBleedingEdge/lib/mono/unityjit'
Mono config path = 'C:/Program Files/Unity/Editor/Data/MonoBleedingEdge/etc'
Using monoOptions --debugger-agent=transport=dt_socket,embedding=1,server=y,suspend=n,address=127.0.0.1:56720
Begin MonoManager ReloadAssembly
Registering precompiled unity dll's ...
Register platform support module: C:/Program Files/Unity/Editor/Data/PlaybackEngines/WindowsStandaloneSupport/UnityEditor.WindowsStandalone.Extensions.dll
Registered in 0.002093 seconds.
Native extension for WindowsStandalone target not found
Refreshing native plugins compatible for Editor in 67.23 ms, found 3 plugins.
Preloading 0 native plugins for Editor in 0.00 ms.
Mono: successfully reloaded assembly
- Completed reload, in  1.057 seconds
Domain Reload Profiling:
	ReloadAssembly (1058ms)
		BeginReloadAssembly (56ms)
			ExecutionOrderSort (0ms)
			DisableScriptedObjects (0ms)
			BackupInstance (0ms)
			ReleaseScriptingObjects (0ms)
			CreateAndSetChildDomain (1ms)
		EndReloadAssembly (471ms)
			LoadAssemblies (54ms)
			RebuildTransferFunctionScriptingTraits (0ms)
			SetupTypeCache (160ms)
			ReleaseScriptCaches (0ms)
			RebuildScriptCaches (33ms)
			SetupLoadedEditorAssemblies (202ms)
				LogAssemblyErrors (0ms)
				InitializePlatformSupportModulesInManaged (4ms)
				SetLoadedEditorAssemblies (0ms)
				RefreshPlugins (67ms)
				BeforeProcessingInitializeOnLoad (13ms)
				ProcessInitializeOnLoadAttributes (88ms)
				ProcessInitializeOnLoadMethodAttributes (29ms)
				AfterProcessingInitializeOnLoad (0ms)
				EditorAssembliesLoaded (0ms)
			ExecutionOrderSort2 (0ms)
			AwakeInstancesAfterBackupRestoration (0ms)
Platform modules already initialized, skipping
Registering precompiled user dll's ...
Registered in 0.002460 seconds.
Begin MonoManager ReloadAssembly
Native extension for WindowsStandalone target not found
Refreshing native plugins compatible for Editor in 67.48 ms, found 3 plugins.
Preloading 0 native plugins for Editor in 0.00 ms.
Mono: successfully reloaded assembly
- Completed reload, in  1.143 seconds
Domain Reload Profiling:
	ReloadAssembly (1144ms)
		BeginReloadAssembly (140ms)
			ExecutionOrderSort (0ms)
			DisableScriptedObjects (4ms)
			BackupInstance (0ms)
			ReleaseScriptingObjects (0ms)
			CreateAndSetChildDomain (17ms)
		EndReloadAssembly (943ms)
			LoadAssemblies (93ms)
			RebuildTransferFunctionScriptingTraits (0ms)
			SetupTypeCache (314ms)
			ReleaseScriptCaches (0ms)
			RebuildScriptCaches (48ms)
			SetupLoadedEditorAssemblies (363ms)
				LogAssemblyErrors (0ms)
				InitializePlatformSupportModulesInManaged (4ms)
				SetLoadedEditorAssemblies (0ms)
				RefreshPlugins (68ms)
				BeforeProcessingInitializeOnLoad (79ms)
				ProcessInitializeOnLoadAttributes (192ms)
				ProcessInitializeOnLoadMethodAttributes (14ms)
				AfterProcessingInitializeOnLoad (7ms)
				EditorAssembliesLoaded (0ms)
			ExecutionOrderSort2 (0ms)
			AwakeInstancesAfterBackupRestoration (6ms)
Platform modules already initialized, skipping
========================================================================
Worker process is ready to serve import requests
Launched and connected shader compiler UnityShaderCompiler.exe after 0.06 seconds
Refreshing native plugins compatible for Editor in 1.10 ms, found 3 plugins.
Preloading 0 native plugins for Editor in 0.00 ms.
Unloading 2114 Unused Serialized files (Serialized files now loaded: 0)
System memory in use before: 95.9 MB.
System memory in use after: 96.0 MB.

Unloading 26 unused Assets to reduce memory usage. Loaded Objects now: 2555.
Total: 3.234400 ms (FindLiveObjects: 0.200200 ms CreateObjectMapping: 0.089700 ms MarkObjects: 2.878300 ms  DeleteObjects: 0.065300 ms)

AssetImportParameters requested are different than current active one (requested -> active):
  custom:framework-win-MediaFoundation: 216162199b28c13a410421893ffa2e32 -> 
  custom:video-decoder-ogg-theora: a1e56fd34408186e4bbccfd4996cb3dc -> 
  custom:container-muxer-webm: aa71ff27fc2769a1b78a27578f13a17b -> 
  custom:container-demuxer-webm: 4f35f7cbe854078d1ac9338744f61a02 -> 
  custom:container-demuxer-ogg: 62fdf1f143b41e24485cea50d1cbac27 -> 
  custom:video-encoder-webm-vp8: eb34c28f22e8b96e1ab97ce403110664 -> 
  custom:video-decoder-webm-vp8: 9c59270c3fd7afecdb556c50c9e8de78 -> 
  custom:audio-decoder-ogg-vorbis: bf7c407c2cedff20999df2af8eb42d56 -> 
  custom:audio-encoder-webm-vorbis: bf7c407c2cedff20999df2af8eb42d56 -> 
========================================================================
Received Import Request.
  path: Assets/Prefabs/adventurer.prefab
  artifactKey: Guid(c8a2ec31989799e45a7f0bc435e16fa0) Importer(815301076,1909f56bfc062723c751e8b465ee728b)
Start importing Assets/Prefabs/adventurer.prefab using Guid(c8a2ec31989799e45a7f0bc435e16fa0) Importer(815301076,1909f56bfc062723c751e8b465ee728b)  -> (artifact id: '576964ba97d49e8cb2c7605b9261fb23') in 0.140498 seconds 
  Import took 0.145723 seconds .

========================================================================
Received Import Request.
  Time since last request: 2.320479 seconds.
  path: Assets/Prefabs/Player.prefab
  artifactKey: Guid(9b0d07b65b63c0d4c9177fa9767c123d) Importer(815301076,1909f56bfc062723c751e8b465ee728b)
Start importing Assets/Prefabs/Player.prefab using Guid(9b0d07b65b63c0d4c9177fa9767c123d) Importer(815301076,1909f56bfc062723c751e8b465ee728b)  -> (artifact id: 'b197e6e462e2266566dbcd05b8e109fc') in 0.020976 seconds 
  Import took 0.025624 seconds .

========================================================================
Received Import Request.
  Time since last request: 0.003565 seconds.
  path: Assets/Prefabs/Player.prefab
  artifactKey: Guid(9b0d07b65b63c0d4c9177fa9767c123d) Importer(815301076,1909f56bfc062723c751e8b465ee728b)
Start importing Assets/Prefabs/Player.prefab using Guid(9b0d07b65b63c0d4c9177fa9767c123d) Importer(815301076,1909f56bfc062723c751e8b465ee728b)  -> (artifact id: 'b197e6e462e2266566dbcd05b8e109fc') in 0.011999 seconds 
  Import took 0.016789 seconds .

========================================================================
Received Import Request.
  Time since last request: 8.650493 seconds.
  path: Assets/Prefabs/Player.prefab
  artifactKey: Guid(9b0d07b65b63c0d4c9177fa9767c123d) Importer(815301076,1909f56bfc062723c751e8b465ee728b)
Start importing Assets/Prefabs/Player.prefab using Guid(9b0d07b65b63c0d4c9177fa9767c123d) Importer(815301076,1909f56bfc062723c751e8b465ee728b)  -> (artifact id: '8ebc80168e42f8ade39b4004dd53a19d') in 0.015024 seconds 
  Import took 0.019625 seconds .

========================================================================
Received Import Request.
  Time since last request: 58.169602 seconds.
  path: Assets/Scenes/Scene Bahrul.unity
  artifactKey: Guid(9f6e78c34b694d7488946e75129752c0) Importer(815301076,1909f56bfc062723c751e8b465ee728b)
Start importing Assets/Scenes/Scene Bahrul.unity using Guid(9f6e78c34b694d7488946e75129752c0) Importer(815301076,1909f56bfc062723c751e8b465ee728b)  -> (artifact id: '6a0c84779e5dc64b4242c3f8819afadd') in 0.001928 seconds 
  Import took 0.007724 seconds .

========================================================================
Received Import Request.
  Time since last request: 0.001156 seconds.
  path: Assets/Scenes/Scene Bahrul.unity
  artifactKey: Guid(9f6e78c34b694d7488946e75129752c0) Importer(815301076,1909f56bfc062723c751e8b465ee728b)
Start importing Assets/Scenes/Scene Bahrul.unity using Guid(9f6e78c34b694d7488946e75129752c0) Importer(815301076,1909f56bfc062723c751e8b465ee728b)  -> (artifact id: '6a0c84779e5dc64b4242c3f8819afadd') in 0.002289 seconds 
  Import took 0.006591 seconds .

========================================================================
Received Import Request.
  Time since last request: 9.923777 seconds.
  path: Assets/Scenes/Scene Hikal.unity
  artifactKey: Guid(6d4ec21e813c5f044b2df6653df37e55) Importer(815301076,1909f56bfc062723c751e8b465ee728b)
Start importing Assets/Scenes/Scene Hikal.unity using Guid(6d4ec21e813c5f044b2df6653df37e55) Importer(815301076,1909f56bfc062723c751e8b465ee728b)  -> (artifact id: '7c4f8bfc49fba961885cd77bcf46215e') in 0.001913 seconds 
  Import took 0.007313 seconds .

========================================================================
Received Import Request.
  Time since last request: 8.094929 seconds.
  path: Assets/Scenes/Scene Lemon.unity
  artifactKey: Guid(c5eba239bf6151143ac8744024e0d9f7) Importer(815301076,1909f56bfc062723c751e8b465ee728b)
Start importing Assets/Scenes/Scene Lemon.unity using Guid(c5eba239bf6151143ac8744024e0d9f7) Importer(815301076,1909f56bfc062723c751e8b465ee728b)  -> (artifact id: '671a7d2d0dc9273db7f7a0762ecb8637') in 0.001972 seconds 
  Import took 0.008154 seconds .

========================================================================
Received Import Request.
  Time since last request: 0.001123 seconds.
  path: Assets/Scenes/Scene Lemon.unity
  artifactKey: Guid(c5eba239bf6151143ac8744024e0d9f7) Importer(815301076,1909f56bfc062723c751e8b465ee728b)
Start importing Assets/Scenes/Scene Lemon.unity using Guid(c5eba239bf6151143ac8744024e0d9f7) Importer(815301076,1909f56bfc062723c751e8b465ee728b)  -> (artifact id: '671a7d2d0dc9273db7f7a0762ecb8637') in 0.001701 seconds 
  Import took 0.006788 seconds .

========================================================================
Received Import Request.
  Time since last request: 68.303685 seconds.
  path: Assets/Prefabs/pot.prefab
  artifactKey: Guid(515ddd6d37b86034fa981bcdda213e3f) Importer(815301076,1909f56bfc062723c751e8b465ee728b)
Start importing Assets/Prefabs/pot.prefab using Guid(515ddd6d37b86034fa981bcdda213e3f) Importer(815301076,1909f56bfc062723c751e8b465ee728b)  -> (artifact id: '7869f0cd80d60c7d08d71429048a9dff') in 0.017142 seconds 
  Import took 0.024968 seconds .

========================================================================
Received Import Request.
  Time since last request: 14.315141 seconds.
  path: Assets/Prefabs/log.prefab
  artifactKey: Guid(d4e85f3b88f222549a0d7043ead93077) Importer(815301076,1909f56bfc062723c751e8b465ee728b)
Start importing Assets/Prefabs/log.prefab using Guid(d4e85f3b88f222549a0d7043ead93077) Importer(815301076,1909f56bfc062723c751e8b465ee728b)  -> (artifact id: 'b0a52879233b7fcffc064d519a7833f2') in 0.014989 seconds 
  Import took 0.019843 seconds .

AssetImportWorkerClient::OnTransportError - code=2 error=End of file
